
Start-Date: 2022-08-15  11:50:09
Commandline: apt-get install --reinstall adduser
Reinstall: adduser:amd64 (3.118ubuntu5)
End-Date: 2022-08-15  11:50:09

Start-Date: 2022-08-15  11:50:10
Commandline: apt-get install --reinstall apt
Reinstall: apt:amd64 (2.4.5)
End-Date: 2022-08-15  11:50:11

Start-Date: 2022-08-15  11:50:12
Commandline: apt-get install --reinstall base-files
Reinstall: base-files:amd64 (12ubuntu4)
End-Date: 2022-08-15  11:50:13

Start-Date: 2022-08-15  11:50:14
Commandline: apt-get install --reinstall base-passwd
Reinstall: base-passwd:amd64 (3.5.52build1)
End-Date: 2022-08-15  11:50:15

Start-Date: 2022-08-15  11:50:16
Commandline: apt-get install --reinstall bash
Reinstall: bash:amd64 (5.1-6ubuntu1)
End-Date: 2022-08-15  11:50:17

Start-Date: 2022-08-15  11:50:18
Commandline: apt-get install --reinstall bsdutils
Reinstall: bsdutils:amd64 (1:2.37.2-4ubuntu3)
End-Date: 2022-08-15  11:50:18

Start-Date: 2022-08-15  11:50:19
Commandline: apt-get install --reinstall coreutils
Reinstall: coreutils:amd64 (8.32-4.1ubuntu1)
End-Date: 2022-08-15  11:50:20

Start-Date: 2022-08-15  11:50:21
Commandline: apt-get install --reinstall dash
Reinstall: dash:amd64 (0.5.11+git20210903+057cd650a4ed-3build1)
End-Date: 2022-08-15  11:50:22

Start-Date: 2022-08-15  11:50:23
Commandline: apt-get install --reinstall debconf
Reinstall: debconf:amd64 (1.5.79ubuntu1)
End-Date: 2022-08-15  11:50:24

Start-Date: 2022-08-15  11:50:25
Commandline: apt-get install --reinstall debianutils
Reinstall: debianutils:amd64 (5.5-1ubuntu2)
End-Date: 2022-08-15  11:50:25

Start-Date: 2022-08-15  11:50:26
Commandline: apt-get install --reinstall diffutils
Reinstall: diffutils:amd64 (1:3.8-0ubuntu2)
End-Date: 2022-08-15  11:50:27

Start-Date: 2022-08-15  11:50:28
Commandline: apt-get install --reinstall dpkg
Reinstall: dpkg:amd64 (1.21.1ubuntu2)
End-Date: 2022-08-15  11:50:29

Start-Date: 2022-08-15  11:50:30
Commandline: apt-get install --reinstall e2fsprogs
Reinstall: e2fsprogs:amd64 (1.46.5-2ubuntu1)
End-Date: 2022-08-15  11:50:31

Start-Date: 2022-08-15  11:50:32
Commandline: apt-get install --reinstall findutils
Reinstall: findutils:amd64 (4.8.0-1ubuntu3)
End-Date: 2022-08-15  11:50:33

Start-Date: 2022-08-15  11:50:34
Commandline: apt-get install --reinstall gcc-12-base:amd64
Reinstall: gcc-12-base:amd64 (12-20220319-1ubuntu1)
End-Date: 2022-08-15  11:50:34

Start-Date: 2022-08-15  11:50:35
Commandline: apt-get install --reinstall gpgv
Reinstall: gpgv:amd64 (2.2.27-3ubuntu2)
End-Date: 2022-08-15  11:50:36

Start-Date: 2022-08-15  11:50:37
Commandline: apt-get install --reinstall grep
Reinstall: grep:amd64 (3.7-1build1)
End-Date: 2022-08-15  11:50:38

Start-Date: 2022-08-15  11:50:39
Commandline: apt-get install --reinstall gzip
Reinstall: gzip:amd64 (1.10-4ubuntu4)
End-Date: 2022-08-15  11:50:39

Start-Date: 2022-08-15  11:50:40
Commandline: apt-get install --reinstall hostname
Reinstall: hostname:amd64 (3.23ubuntu2)
End-Date: 2022-08-15  11:50:41

Start-Date: 2022-08-15  11:50:42
Commandline: apt-get install --reinstall init-system-helpers
Reinstall: init-system-helpers:amd64 (1.62)
End-Date: 2022-08-15  11:50:43

Start-Date: 2022-08-15  11:50:44
Commandline: apt-get install --reinstall libacl1:amd64
Reinstall: libacl1:amd64 (2.3.1-1)
End-Date: 2022-08-15  11:50:45

Start-Date: 2022-08-15  11:50:46
Commandline: apt-get install --reinstall libapt-pkg6.0:amd64
Reinstall: libapt-pkg6.0:amd64 (2.4.5)
End-Date: 2022-08-15  11:50:46

Start-Date: 2022-08-15  11:50:47
Commandline: apt-get install --reinstall libattr1:amd64
Reinstall: libattr1:amd64 (1:2.5.1-1build1)
End-Date: 2022-08-15  11:50:48

Start-Date: 2022-08-15  11:50:49
Commandline: apt-get install --reinstall libaudit-common
Reinstall: libaudit-common:amd64 (1:3.0.7-1build1)
End-Date: 2022-08-15  11:50:50

Start-Date: 2022-08-15  11:50:51
Commandline: apt-get install --reinstall libaudit1:amd64
Reinstall: libaudit1:amd64 (1:3.0.7-1build1)
End-Date: 2022-08-15  11:50:52

Start-Date: 2022-08-15  11:50:53
Commandline: apt-get install --reinstall libblkid1:amd64
Reinstall: libblkid1:amd64 (2.37.2-4ubuntu3)
End-Date: 2022-08-15  11:50:53

Start-Date: 2022-08-15  11:50:54
Commandline: apt-get install --reinstall libbz2-1.0:amd64
Reinstall: libbz2-1.0:amd64 (1.0.8-5build1)
End-Date: 2022-08-15  11:50:55

Start-Date: 2022-08-15  11:50:56
Commandline: apt-get install --reinstall libc-bin
Reinstall: libc-bin:amd64 (2.35-0ubuntu3)
End-Date: 2022-08-15  11:50:57

Start-Date: 2022-08-15  11:50:58
Commandline: apt-get install --reinstall libc6:amd64
Reinstall: libc6:amd64 (2.35-0ubuntu3)
End-Date: 2022-08-15  11:51:00

Start-Date: 2022-08-15  11:51:01
Commandline: apt-get install --reinstall libcap-ng0:amd64
Reinstall: libcap-ng0:amd64 (0.7.9-2.2build3)
End-Date: 2022-08-15  11:51:01

Start-Date: 2022-08-15  11:51:02
Commandline: apt-get install --reinstall libcap2:amd64
Reinstall: libcap2:amd64 (1:2.44-1build3)
End-Date: 2022-08-15  11:51:03

Start-Date: 2022-08-15  11:51:04
Commandline: apt-get install --reinstall libcom-err2:amd64
Reinstall: libcom-err2:amd64 (1.46.5-2ubuntu1)
End-Date: 2022-08-15  11:51:05

Start-Date: 2022-08-15  11:51:06
Commandline: apt-get install --reinstall libcrypt1:amd64
Reinstall: libcrypt1:amd64 (1:4.4.27-1)
End-Date: 2022-08-15  11:51:06

Start-Date: 2022-08-15  11:51:07
Commandline: apt-get install --reinstall libdb5.3:amd64
Reinstall: libdb5.3:amd64 (5.3.28+dfsg1-0.8ubuntu3)
End-Date: 2022-08-15  11:51:08

Start-Date: 2022-08-15  11:51:09
Commandline: apt-get install --reinstall libdebconfclient0:amd64
Reinstall: libdebconfclient0:amd64 (0.261ubuntu1)
End-Date: 2022-08-15  11:51:10

Start-Date: 2022-08-15  11:51:11
Commandline: apt-get install --reinstall libext2fs2:amd64
Reinstall: libext2fs2:amd64 (1.46.5-2ubuntu1)
End-Date: 2022-08-15  11:51:11

Start-Date: 2022-08-15  11:51:12
Commandline: apt-get install --reinstall libffi8:amd64
Reinstall: libffi8:amd64 (3.4.2-4)
End-Date: 2022-08-15  11:51:13

Start-Date: 2022-08-15  11:51:14
Commandline: apt-get install --reinstall libgcc-s1:amd64
Reinstall: libgcc-s1:amd64 (12-20220319-1ubuntu1)
End-Date: 2022-08-15  11:51:15

Start-Date: 2022-08-15  11:51:16
Commandline: apt-get install --reinstall libgcrypt20:amd64
Reinstall: libgcrypt20:amd64 (1.9.4-3ubuntu3)
End-Date: 2022-08-15  11:51:16

Start-Date: 2022-08-15  11:51:17
Commandline: apt-get install --reinstall libgmp10:amd64
Reinstall: libgmp10:amd64 (2:6.2.1+dfsg-3ubuntu1)
End-Date: 2022-08-15  11:51:18

Start-Date: 2022-08-15  11:51:19
Commandline: apt-get install --reinstall libgnutls30:amd64
Reinstall: libgnutls30:amd64 (3.7.3-4ubuntu1)
End-Date: 2022-08-15  11:51:20

Start-Date: 2022-08-15  11:51:21
Commandline: apt-get install --reinstall libgpg-error0:amd64
Reinstall: libgpg-error0:amd64 (1.43-3)
End-Date: 2022-08-15  11:51:22

Start-Date: 2022-08-15  11:51:23
Commandline: apt-get install --reinstall libgssapi-krb5-2:amd64
Reinstall: libgssapi-krb5-2:amd64 (1.19.2-2)
End-Date: 2022-08-15  11:51:23

Start-Date: 2022-08-15  11:51:24
Commandline: apt-get install --reinstall libhogweed6:amd64
Reinstall: libhogweed6:amd64 (3.7.3-1build2)
End-Date: 2022-08-15  11:51:25

Start-Date: 2022-08-15  11:51:26
Commandline: apt-get install --reinstall libidn2-0:amd64
Reinstall: libidn2-0:amd64 (2.3.2-2build1)
End-Date: 2022-08-15  11:51:27

Start-Date: 2022-08-15  11:51:28
Commandline: apt-get install --reinstall libk5crypto3:amd64
Reinstall: libk5crypto3:amd64 (1.19.2-2)
End-Date: 2022-08-15  11:51:28

Start-Date: 2022-08-15  11:51:29
Commandline: apt-get install --reinstall libkeyutils1:amd64
Reinstall: libkeyutils1:amd64 (1.6.1-2ubuntu3)
End-Date: 2022-08-15  11:51:30

Start-Date: 2022-08-15  11:51:31
Commandline: apt-get install --reinstall libkrb5-3:amd64
Reinstall: libkrb5-3:amd64 (1.19.2-2)
End-Date: 2022-08-15  11:51:32

Start-Date: 2022-08-15  11:51:33
Commandline: apt-get install --reinstall libkrb5support0:amd64
Reinstall: libkrb5support0:amd64 (1.19.2-2)
End-Date: 2022-08-15  11:51:33

Start-Date: 2022-08-15  11:51:34
Commandline: apt-get install --reinstall liblz4-1:amd64
Reinstall: liblz4-1:amd64 (1.9.3-2build2)
End-Date: 2022-08-15  11:51:35

Start-Date: 2022-08-15  11:51:36
Commandline: apt-get install --reinstall liblzma5:amd64
Reinstall: liblzma5:amd64 (5.2.5-2ubuntu1)
End-Date: 2022-08-15  11:51:37

Start-Date: 2022-08-15  11:51:38
Commandline: apt-get install --reinstall libmount1:amd64
Reinstall: libmount1:amd64 (2.37.2-4ubuntu3)
End-Date: 2022-08-15  11:51:38

Start-Date: 2022-08-15  11:51:39
Commandline: apt-get install --reinstall libncurses6:amd64
Reinstall: libncurses6:amd64 (6.3-2)
End-Date: 2022-08-15  11:51:40

Start-Date: 2022-08-15  11:51:41
Commandline: apt-get install --reinstall libncursesw6:amd64
Reinstall: libncursesw6:amd64 (6.3-2)
End-Date: 2022-08-15  11:51:41

Start-Date: 2022-08-15  11:51:42
Commandline: apt-get install --reinstall libnettle8:amd64
Reinstall: libnettle8:amd64 (3.7.3-1build2)
End-Date: 2022-08-15  11:51:43

Start-Date: 2022-08-15  11:51:44
Commandline: apt-get install --reinstall libnsl2:amd64
Reinstall: libnsl2:amd64 (1.3.0-2build2)
End-Date: 2022-08-15  11:51:45

Start-Date: 2022-08-15  11:51:46
Commandline: apt-get install --reinstall libp11-kit0:amd64
Reinstall: libp11-kit0:amd64 (0.24.0-6build1)
End-Date: 2022-08-15  11:51:46

Start-Date: 2022-08-15  11:51:47
Commandline: apt-get install --reinstall libpam-modules:amd64
Reinstall: libpam-modules:amd64 (1.4.0-11ubuntu2)
End-Date: 2022-08-15  11:51:48

Start-Date: 2022-08-15  11:51:49
Commandline: apt-get install --reinstall libpam-modules-bin
Reinstall: libpam-modules-bin:amd64 (1.4.0-11ubuntu2)
End-Date: 2022-08-15  11:51:50

Start-Date: 2022-08-15  11:51:51
Commandline: apt-get install --reinstall libpam-runtime
Reinstall: libpam-runtime:amd64 (1.4.0-11ubuntu2)
End-Date: 2022-08-15  11:51:52

Start-Date: 2022-08-15  11:51:53
Commandline: apt-get install --reinstall libpam0g:amd64
Reinstall: libpam0g:amd64 (1.4.0-11ubuntu2)
End-Date: 2022-08-15  11:51:53

Start-Date: 2022-08-15  11:51:55
Commandline: apt-get install --reinstall libpcre2-8-0:amd64
Reinstall: libpcre2-8-0:amd64 (10.39-3build1)
End-Date: 2022-08-15  11:51:55

Start-Date: 2022-08-15  11:51:56
Commandline: apt-get install --reinstall libpcre3:amd64
Reinstall: libpcre3:amd64 (2:8.39-13build5)
End-Date: 2022-08-15  11:51:57

Start-Date: 2022-08-15  11:51:58
Commandline: apt-get install --reinstall libprocps8:amd64
Reinstall: libprocps8:amd64 (2:3.3.17-6ubuntu2)
End-Date: 2022-08-15  11:51:58

Start-Date: 2022-08-15  11:51:59
Commandline: apt-get install --reinstall libseccomp2:amd64
Reinstall: libseccomp2:amd64 (2.5.3-2ubuntu2)
End-Date: 2022-08-15  11:52:00

Start-Date: 2022-08-15  11:52:01
Commandline: apt-get install --reinstall libselinux1:amd64
Reinstall: libselinux1:amd64 (3.3-1build2)
End-Date: 2022-08-15  11:52:02

Start-Date: 2022-08-15  11:52:03
Commandline: apt-get install --reinstall libsemanage-common
Reinstall: libsemanage-common:amd64 (3.3-1build2)
End-Date: 2022-08-15  11:52:03

Start-Date: 2022-08-15  11:52:04
Commandline: apt-get install --reinstall libsemanage2:amd64
Reinstall: libsemanage2:amd64 (3.3-1build2)
End-Date: 2022-08-15  11:52:05

Start-Date: 2022-08-15  11:52:06
Commandline: apt-get install --reinstall libsepol2:amd64
Reinstall: libsepol2:amd64 (3.3-1build1)
End-Date: 2022-08-15  11:52:07

Start-Date: 2022-08-15  11:52:08
Commandline: apt-get install --reinstall libsmartcols1:amd64
Reinstall: libsmartcols1:amd64 (2.37.2-4ubuntu3)
End-Date: 2022-08-15  11:52:08

Start-Date: 2022-08-15  11:52:10
Commandline: apt-get install --reinstall libss2:amd64
Reinstall: libss2:amd64 (1.46.5-2ubuntu1)
End-Date: 2022-08-15  11:52:10

Start-Date: 2022-08-15  11:52:11
Commandline: apt-get install --reinstall libssl3:amd64
Reinstall: libssl3:amd64 (3.0.2-0ubuntu1)
End-Date: 2022-08-15  11:52:12

Start-Date: 2022-08-15  11:52:13
Commandline: apt-get install --reinstall libstdc++6:amd64
Reinstall: libstdc++6:amd64 (12-20220319-1ubuntu1)
End-Date: 2022-08-15  11:52:14

Start-Date: 2022-08-15  11:52:15
Commandline: apt-get install --reinstall libsystemd0:amd64
Reinstall: libsystemd0:amd64 (249.11-0ubuntu3)
End-Date: 2022-08-15  11:52:15

Start-Date: 2022-08-15  11:52:16
Commandline: apt-get install --reinstall libtasn1-6:amd64
Reinstall: libtasn1-6:amd64 (4.18.0-4build1)
End-Date: 2022-08-15  11:52:17

Start-Date: 2022-08-15  11:52:18
Commandline: apt-get install --reinstall libtinfo6:amd64
Reinstall: libtinfo6:amd64 (6.3-2)
End-Date: 2022-08-15  11:52:19

Start-Date: 2022-08-15  11:52:20
Commandline: apt-get install --reinstall libtirpc-common
Reinstall: libtirpc-common:amd64 (1.3.2-2build1)
End-Date: 2022-08-15  11:52:20

Start-Date: 2022-08-15  11:52:21
Commandline: apt-get install --reinstall libtirpc3:amd64
Reinstall: libtirpc3:amd64 (1.3.2-2build1)
End-Date: 2022-08-15  11:52:22

Start-Date: 2022-08-15  11:52:23
Commandline: apt-get install --reinstall libudev1:amd64
Reinstall: libudev1:amd64 (249.11-0ubuntu3)
End-Date: 2022-08-15  11:52:24

Start-Date: 2022-08-15  11:52:25
Commandline: apt-get install --reinstall libunistring2:amd64
Reinstall: libunistring2:amd64 (1.0-1)
End-Date: 2022-08-15  11:52:25

Start-Date: 2022-08-15  11:52:26
Commandline: apt-get install --reinstall libuuid1:amd64
Reinstall: libuuid1:amd64 (2.37.2-4ubuntu3)
End-Date: 2022-08-15  11:52:27

Start-Date: 2022-08-15  11:52:28
Commandline: apt-get install --reinstall libxxhash0:amd64
Reinstall: libxxhash0:amd64 (0.8.1-1)
End-Date: 2022-08-15  11:52:29

Start-Date: 2022-08-15  11:52:30
Commandline: apt-get install --reinstall libzstd1:amd64
Reinstall: libzstd1:amd64 (1.4.8+dfsg-3build1)
End-Date: 2022-08-15  11:52:30

Start-Date: 2022-08-15  11:52:31
Commandline: apt-get install --reinstall login
Reinstall: login:amd64 (1:4.8.1-2ubuntu2)
End-Date: 2022-08-15  11:52:32

Start-Date: 2022-08-15  11:52:33
Commandline: apt-get install --reinstall logsave
Reinstall: logsave:amd64 (1.46.5-2ubuntu1)
End-Date: 2022-08-15  11:52:34

Start-Date: 2022-08-15  11:52:35
Commandline: apt-get install --reinstall lsb-base
Reinstall: lsb-base:amd64 (11.1.0ubuntu4)
End-Date: 2022-08-15  11:52:35

Start-Date: 2022-08-15  11:52:36
Commandline: apt-get install --reinstall mawk
Reinstall: mawk:amd64 (1.3.4.20200120-3)
End-Date: 2022-08-15  11:52:37

Start-Date: 2022-08-15  11:52:38
Commandline: apt-get install --reinstall mount
Reinstall: mount:amd64 (2.37.2-4ubuntu3)
End-Date: 2022-08-15  11:52:38

Start-Date: 2022-08-15  11:52:39
Commandline: apt-get install --reinstall ncurses-base
Reinstall: ncurses-base:amd64 (6.3-2)
End-Date: 2022-08-15  11:52:40

Start-Date: 2022-08-15  11:52:41
Commandline: apt-get install --reinstall ncurses-bin
Reinstall: ncurses-bin:amd64 (6.3-2)
End-Date: 2022-08-15  11:52:42

Start-Date: 2022-08-15  11:52:43
Commandline: apt-get install --reinstall passwd
Reinstall: passwd:amd64 (1:4.8.1-2ubuntu2)
End-Date: 2022-08-15  11:52:44

Start-Date: 2022-08-15  11:52:45
Commandline: apt-get install --reinstall perl-base
Reinstall: perl-base:amd64 (5.34.0-3ubuntu1)
End-Date: 2022-08-15  11:52:45

Start-Date: 2022-08-15  11:52:46
Commandline: apt-get install --reinstall procps
Reinstall: procps:amd64 (2:3.3.17-6ubuntu2)
End-Date: 2022-08-15  11:52:47

Start-Date: 2022-08-15  11:52:48
Commandline: apt-get install --reinstall sed
Reinstall: sed:amd64 (4.8-1ubuntu2)
End-Date: 2022-08-15  11:52:49

Start-Date: 2022-08-15  11:52:50
Commandline: apt-get install --reinstall sensible-utils
Reinstall: sensible-utils:amd64 (0.0.17)
End-Date: 2022-08-15  11:52:50

Start-Date: 2022-08-15  11:52:51
Commandline: apt-get install --reinstall sysvinit-utils
Reinstall: sysvinit-utils:amd64 (3.01-1ubuntu1)
End-Date: 2022-08-15  11:52:52

Start-Date: 2022-08-15  11:52:53
Commandline: apt-get install --reinstall tar
Reinstall: tar:amd64 (1.34+dfsg-1build3)
End-Date: 2022-08-15  11:52:54

Start-Date: 2022-08-15  11:52:55
Commandline: apt-get install --reinstall ubuntu-keyring
Reinstall: ubuntu-keyring:amd64 (2021.03.26)
End-Date: 2022-08-15  11:52:55

Start-Date: 2022-08-15  11:52:56
Commandline: apt-get install --reinstall usrmerge
Reinstall: usrmerge:amd64 (25ubuntu2)
End-Date: 2022-08-15  11:52:57

Start-Date: 2022-08-15  11:52:58
Commandline: apt-get install --reinstall util-linux
Reinstall: util-linux:amd64 (2.37.2-4ubuntu3)
End-Date: 2022-08-15  11:52:59

Start-Date: 2022-08-15  11:53:00
Commandline: apt-get install --reinstall zlib1g:amd64
Reinstall: zlib1g:amd64 (1:1.2.11.dfsg-2ubuntu9)
End-Date: 2022-08-15  11:53:00

Start-Date: 2022-08-15  11:53:04
Commandline: apt-get --yes -oDebug::pkgDepCache::AutoInstall=yes --force-yes upgrade
Upgrade: dpkg:amd64 (1.21.1ubuntu2, 1.21.1ubuntu2.1), libext2fs2:amd64 (1.46.5-2ubuntu1, 1.46.5-2ubuntu1.1), apt:amd64 (2.4.5, 2.4.7), libtirpc-common:amd64 (1.3.2-2build1, 1.3.2-2ubuntu0.1), libpcre3:amd64 (2:8.39-13build5, 2:8.39-13ubuntu0.22.04.1), libapt-pkg6.0:amd64 (2.4.5, 2.4.7), libsystemd0:amd64 (249.11-0ubuntu3, 249.11-0ubuntu3.4), libudev1:amd64 (249.11-0ubuntu3, 249.11-0ubuntu3.4), libcom-err2:amd64 (1.46.5-2ubuntu1, 1.46.5-2ubuntu1.1), libc6:amd64 (2.35-0ubuntu3, 2.35-0ubuntu3.1), libssl3:amd64 (3.0.2-0ubuntu1, 3.0.2-0ubuntu1.6), gpgv:amd64 (2.2.27-3ubuntu2, 2.2.27-3ubuntu2.1), base-files:amd64 (12ubuntu4, 12ubuntu4.2), libc-bin:amd64 (2.35-0ubuntu3, 2.35-0ubuntu3.1), libgnutls30:amd64 (3.7.3-4ubuntu1, 3.7.3-4ubuntu1.1), logsave:amd64 (1.46.5-2ubuntu1, 1.46.5-2ubuntu1.1), libtirpc3:amd64 (1.3.2-2build1, 1.3.2-2ubuntu0.1), libss2:amd64 (1.46.5-2ubuntu1, 1.46.5-2ubuntu1.1), e2fsprogs:amd64 (1.46.5-2ubuntu1, 1.46.5-2ubuntu1.1)
End-Date: 2022-08-15  11:53:06

Start-Date: 2022-10-09  10:11:05
Commandline: apt upgrade
Upgrade: apt:amd64 (2.4.7, 2.4.8), libapt-pkg6.0:amd64 (2.4.7, 2.4.8), libsystemd0:amd64 (249.11-0ubuntu3.4, 249.11-0ubuntu3.6), libudev1:amd64 (249.11-0ubuntu3.4, 249.11-0ubuntu3.6), gzip:amd64 (1.10-4ubuntu4, 1.10-4ubuntu4.1), libpcre2-8-0:amd64 (10.39-3build1, 10.39-3ubuntu0.1), zlib1g:amd64 (1:1.2.11.dfsg-2ubuntu9, 1:1.2.11.dfsg-2ubuntu9.1), gcc-12-base:amd64 (12-20220319-1ubuntu1, 12.1.0-2ubuntu1~22.04), libstdc++6:amd64 (12-20220319-1ubuntu1, 12.1.0-2ubuntu1~22.04), libgcc-s1:amd64 (12-20220319-1ubuntu1, 12.1.0-2ubuntu1~22.04)
End-Date: 2022-10-09  10:11:09

Start-Date: 2022-10-09  10:15:48
Commandline: apt install git
Install: libperl5.34:amd64 (5.34.0-3ubuntu1, automatic), libgdbm-compat4:amd64 (1.23-1, automatic), netbase:amd64 (6.3, automatic), libnghttp2-14:amd64 (1.43.0-1build3, automatic), libcurl3-gnutls:amd64 (7.81.0-1ubuntu1.4, automatic), openssh-client:amd64 (1:8.9p1-3, automatic), libssh-4:amd64 (0.9.6-2build1, automatic), git:amd64 (1:2.34.1-1ubuntu1.4), perl:amd64 (5.34.0-3ubuntu1, automatic), libldap-common:amd64 (2.5.13+dfsg-0ubuntu0.22.04.1, automatic), libsasl2-modules:amd64 (2.1.27+dfsg2-3ubuntu1, automatic), libsasl2-2:amd64 (2.1.27+dfsg2-3ubuntu1, automatic), libexpat1:amd64 (2.4.7-1, automatic), libxmuu1:amd64 (2:1.1.3-3, automatic), patch:amd64 (2.7.6-7build2, automatic), libfido2-1:amd64 (1.10.0-1, automatic), librtmp1:amd64 (2.4+20151223.gitfa8646d.1-2build4, automatic), libxau6:amd64 (1:1.0.9-1build5, automatic), libxcb1:amd64 (1.14-3ubuntu3, automatic), libsasl2-modules-db:amd64 (2.1.27+dfsg2-3ubuntu1, automatic), libbsd0:amd64 (0.11.5-1, automatic), less:amd64 (590-1build1, automatic), libldap-2.5-0:amd64 (2.5.13+dfsg-0ubuntu0.22.04.1, automatic), publicsuffix:amd64 (20211207.1025-1, automatic), libx11-data:amd64 (2:1.7.5-1, automatic), xauth:amd64 (1:1.1-1build2, automatic), ca-certificates:amd64 (20211016, automatic), liberror-perl:amd64 (0.17029-1, automatic), libbrotli1:amd64 (1.0.9-2build6, automatic), libxext6:amd64 (2:1.3.4-1build1, automatic), libcbor0.8:amd64 (0.8.0-2ubuntu1, automatic), perl-modules-5.34:amd64 (5.34.0-3ubuntu1, automatic), libx11-6:amd64 (2:1.7.5-1, automatic), libmd0:amd64 (1.0.4-1build1, automatic), git-man:amd64 (1:2.34.1-1ubuntu1.4, automatic), libedit2:amd64 (3.1-20210910-1build1, automatic), libgdbm6:amd64 (1.23-1, automatic), libpsl5:amd64 (0.21.0-1.2build2, automatic), libxdmcp6:amd64 (1:1.1.3-0ubuntu5, automatic), openssl:amd64 (3.0.2-0ubuntu1.6, automatic)
End-Date: 2022-10-09  10:15:58

Start-Date: 2022-10-09  10:25:11
Commandline: apt install curl gnupg2 ca-certificates lsb-release ubuntu-keyring
Install: lsb-release:amd64 (11.1.0ubuntu4), libcurl4:amd64 (7.81.0-1ubuntu1.4, automatic), python3.10:amd64 (3.10.6-1~22.04, automatic), readline-common:amd64 (8.1.2-1, automatic), gpg:amd64 (2.2.27-3ubuntu2.1, automatic), python3-minimal:amd64 (3.10.6-1~22.04, automatic), libmpdec3:amd64 (2.5.1-2build2, automatic), libpython3.10-minimal:amd64 (3.10.6-1~22.04, automatic), libpython3.10-stdlib:amd64 (3.10.6-1~22.04, automatic), gnupg2:amd64 (2.2.27-3ubuntu2.1), python3:amd64 (3.10.6-1~22.04, automatic), gnupg:amd64 (2.2.27-3ubuntu2.1, automatic), gpg-wks-server:amd64 (2.2.27-3ubuntu2.1, automatic), gpg-agent:amd64 (2.2.27-3ubuntu2.1, automatic), libreadline8:amd64 (8.1.2-1, automatic), libassuan0:amd64 (2.5.5-1build1, automatic), libnpth0:amd64 (1.6-3build2, automatic), media-types:amd64 (7.0.0, automatic), libsqlite3-0:amd64 (3.37.2-2, automatic), pinentry-curses:amd64 (1.1.1-1build2, automatic), gpgsm:amd64 (2.2.27-3ubuntu2.1, automatic), distro-info-data:amd64 (0.52ubuntu0.1, automatic), libpython3-stdlib:amd64 (3.10.6-1~22.04, automatic), dirmngr:amd64 (2.2.27-3ubuntu2.1, automatic), libksba8:amd64 (1.6.0-2build1, automatic), gnupg-utils:amd64 (2.2.27-3ubuntu2.1, automatic), curl:amd64 (7.81.0-1ubuntu1.4), gnupg-l10n:amd64 (2.2.27-3ubuntu2.1, automatic), python3.10-minimal:amd64 (3.10.6-1~22.04, automatic), gpg-wks-client:amd64 (2.2.27-3ubuntu2.1, automatic), gpgconf:amd64 (2.2.27-3ubuntu2.1, automatic)
End-Date: 2022-10-09  10:25:18

Start-Date: 2022-10-09  10:51:42
Commandline: apt install nginx
Install: nginx:amd64 (1.22.0-1~jammy)
End-Date: 2022-10-09  10:51:42
